#
# A fatal error has been detected by the Java Runtime Environment:
#
#  SIGSEGV (0xb) at pc=0x00007f8b4d0697ba, pid=9498, tid=0x00007f8b1c2a3700
#
# JRE version: OpenJDK Runtime Environment (8.0_131-b12) (build 1.8.0_131-b12)
# Java VM: OpenJDK 64-Bit Server VM (25.131-b12 mixed mode linux-amd64 compressed oops)
# Problematic frame:
# v  ~BufferBlob::jni_fast_GetLongField
#
# Core dump written. Default location: /home/adampam/Desktop/scala/projectGrav/core or core.9498
#
# If you would like to submit a bug report, please visit:
#   http://bugreport.java.com/bugreport/crash.jsp
# The crash happened outside the Java Virtual Machine in native code.
# See problematic frame for where to report the bug.
#

---------------  T H R E A D  ---------------

Current thread (0x00007f8aec2ec800):  JavaThread "AWT-XAWT" daemon [_thread_in_native, id=9546, stack(0x00007f8b1c1a3000,0x00007f8b1c2a4000)]

siginfo: si_signo: 11 (SIGSEGV), si_code: 1 (SEGV_MAPERR), si_addr: 0x0000000000000000

Registers:
RAX=0x00007f8b62ec86c0, RBX=0x00007f8aec2eca58, RCX=0x0000000000000000, RDX=0x0000000000000042
RSP=0x00007f8b1c2a2708, RBP=0x00007f8b1c2a2730, RSI=0x0000000000000000, RDI=0x00007f8aec2eca58
R8 =0x00000000a04f9b60, R9 =0x0000000000000000, R10=0x0000000000001026, R11=0x00000000000001f4
R12=0x00007f8ac8004cc0, R13=0x0000000000000000, R14=0x00007f8b351bb060, R15=0x00007f8aec2ec800
RIP=0x00007f8b4d0697ba, EFLAGS=0x0000000000010246, CSGSFS=0x002b000000000033, ERR=0x0000000000000004
  TRAPNO=0x000000000000000e

Top of Stack: (sp=0x00007f8b1c2a2708)
0x00007f8b1c2a2708:   00007f8b34f98574 00007f8add304df8
0x00007f8b1c2a2718:   00007f8ac8004cc0 00007f8b4f1e0030
0x00007f8b1c2a2728:   00007f8b1c2a27b0 0000000000000000
0x00007f8b1c2a2738:   00007f8b34a7a410 00007f8add304df8
0x00007f8b1c2a2748:   00007f8b1c2a2770 0000000000000000
0x00007f8b1c2a2758:   00007f8b34a71f23 00007f8b4f1e0030
0x00007f8b1c2a2768:   00007f8b34f9034f 00007f8b1c2a27c0
0x00007f8b1c2a2778:   00007f8b4d92fb36 00000000a07095d8
0x00007f8b1c2a2788:   0000000000000000 0000000000000001
0x00007f8b1c2a2798:   00007f8ae4000e70 0000000000000011
0x00007f8b1c2a27a8:   0000000000000011 00000000a04228e0
0x00007f8b1c2a27b8:   00000000a0422a90 00007f8b1c2a2a00
0x00007f8b1c2a27c8:   00007f8b4e1e6b7c 0000000000000059
0x00007f8b1c2a27d8:   00007f8b35505838 00007f8aec2ed2a0
0x00007f8b1c2a27e8:   00007f8ae4000020 0000000000000040
0x00007f8b1c2a27f8:   0000000000000000 0000000000000004
0x00007f8b1c2a2808:   00007f8b1c2a28b0 0000000000000040
0x00007f8b1c2a2818:   00007f8b62f96eb4 00007f8b35505838
0x00007f8b1c2a2828:   0000000000000040 00007f8b1c2a2870
0x00007f8b1c2a2838:   756dfca531763b00 00007f8b1c2a2930
0x00007f8b1c2a2848:   0000000000000008 00007f8b1c2a2880
0x00007f8b1c2a2858:   0000000000000008 00007f8b1c2a28b0
0x00007f8b1c2a2868:   0000000000000040 00007f8b1c2a2910
0x00007f8b1c2a2878:   00007f8b628ae58d 00007f8b1c2a2930
0x00007f8b1c2a2888:   000000004d0208d8 00007f8b4d005310
0x00007f8b1c2a2898:   00000000a0709918 00000000a07098c0
0x00007f8b1c2a28a8:   00000000a0709918 0000000000000000
0x00007f8b1c2a28b8:   00000000a07098c0 00000000a07098c0
0x00007f8b1c2a28c8:   00000000a0709918 00000000a0709918
0x00007f8b1c2a28d8:   00000000a07098c0 0000000000000000
0x00007f8b1c2a28e8:   00000000a04228b0 00000000a04228c8
0x00007f8b1c2a28f8:   00000000a0003870 00007f8ae4000e70 

Instructions: (pc=0x00007f8b4d0697ba)
0x00007f8b4d06979a:   00 00 00 00 00 00 44 8b 15 2d bc e8 15 4c 8b ce
0x00007f8b4d0697aa:   41 f6 c2 01 0f 85 2e 00 00 00 4d 33 ca 4d 33 ca
0x00007f8b4d0697ba:   4d 8b 09 4c 8b da 49 c1 eb 02 4b 8b 04 19 49 bb
0x00007f8b4d0697ca:   d4 53 ef 62 8b 7f 00 00 4c 33 d8 4c 33 d8 45 3b 

Register to memory mapping:

RAX=0x00007f8b62ec86c0: <offset 0xfc16c0> in /usr/lib/jvm/java-1.8.0-openjdk-1.8.0.131-1.b12.fc25.x86_64/jre/lib/amd64/server/libjvm.so at 0x00007f8b61f07000
RBX=0x00007f8aec2eca58 is an unknown value
RCX=0x0000000000000000 is an unknown value
RDX=0x0000000000000042 is an unknown value
RSP=0x00007f8b1c2a2708 is pointing into the stack for thread: 0x00007f8aec2ec800
RBP=0x00007f8b1c2a2730 is pointing into the stack for thread: 0x00007f8aec2ec800
RSI=0x0000000000000000 is an unknown value
RDI=0x00007f8aec2eca58 is an unknown value
R8 =0x00000000a04f9b60 is an oop
sun.util.logging.PlatformLogger$Level 
 - klass: 'sun/util/logging/PlatformLogger$Level'
R9 =0x0000000000000000 is an unknown value
R10=0x0000000000001026 is an unknown value
R11=0x00000000000001f4 is an unknown value
R12=0x00007f8ac8004cc0 is an unknown value
R13=0x0000000000000000 is an unknown value
R14=0x00007f8b351bb060: <offset 0x258060> in /usr/lib/jvm/java-1.8.0-openjdk-1.8.0.131-1.b12.fc25.x86_64/jre/lib/amd64/libawt_xawt.so at 0x00007f8b34f63000
R15=0x00007f8aec2ec800 is a thread


Stack: [0x00007f8b1c1a3000,0x00007f8b1c2a4000],  sp=0x00007f8b1c2a2708,  free space=1021k
Native frames: (J=compiled Java code, j=interpreted, Vv=VM code, C=native code)
v  ~BufferBlob::jni_fast_GetLongField
C  [libX11.so.6+0x68410]  _XimServerDestroy+0x70

Java frames: (J=compiled Java code, j=interpreted, Vv=VM code)
J 4028  sun.awt.X11.XlibWrapper.XFilterEvent(JJ)Z (0 bytes) @ 0x00007f8b4d92fac4 [0x00007f8b4d92fa80+0x44]
J 16662% C1 sun.awt.X11.XToolkit.run(Z)V (410 bytes) @ 0x00007f8b4e1e6b7c [0x00007f8b4e1e33e0+0x379c]
j  sun.awt.X11.XToolkit.run()V+5
j  java.lang.Thread.run()V+11
v  ~StubRoutines::call_stub

---------------  P R O C E S S  ---------------

Java Threads: ( => current thread )
  0x00007f8b5cd2a000 JavaThread "process reaper" daemon [_thread_blocked, id=10113, stack(0x00007f8b35820000,0x00007f8b35859000)]
=>0x00007f8aec2ec800 JavaThread "AWT-XAWT" daemon [_thread_in_native, id=9546, stack(0x00007f8b1c1a3000,0x00007f8b1c2a4000)]
  0x00007f8aec2cb800 JavaThread "Java2D Disposer" daemon [_thread_blocked, id=9545, stack(0x00007f8b340ee000,0x00007f8b341ef000)]
  0x00007f8b5c0dc000 JavaThread "Service Thread" daemon [_thread_blocked, id=9511, stack(0x00007f8b378f9000,0x00007f8b379fa000)]
  0x00007f8b5c0cf000 JavaThread "C1 CompilerThread2" daemon [_thread_blocked, id=9510, stack(0x00007f8b379fa000,0x00007f8b37afb000)]
  0x00007f8b5c0cd800 JavaThread "C2 CompilerThread1" daemon [_thread_blocked, id=9509, stack(0x00007f8b37afb000,0x00007f8b37bfc000)]
  0x00007f8b5c0c0000 JavaThread "C2 CompilerThread0" daemon [_thread_blocked, id=9508, stack(0x00007f8b37bfc000,0x00007f8b37cfd000)]
  0x00007f8b5c0be000 JavaThread "Signal Dispatcher" daemon [_thread_in_vm, id=9507, stack(0x00007f8b37cfd000,0x00007f8b37dfe000)]
  0x00007f8b5c094000 JavaThread "Finalizer" daemon [_thread_blocked, id=9506, stack(0x00007f8b37dfe000,0x00007f8b37eff000)]
  0x00007f8b5c08f000 JavaThread "Reference Handler" daemon [_thread_blocked, id=9505, stack(0x00007f8b37eff000,0x00007f8b38000000)]
  0x00007f8b5c00a800 JavaThread "main" [_thread_in_native, id=9499, stack(0x00007f8b63c26000,0x00007f8b63d27000)]

Other Threads:
  0x00007f8b5c085800 VMThread [stack: 0x00007f8b3c0f1000,0x00007f8b3c1f2000] [id=9504]
  0x00007f8b5c0de800 WatcherThread [stack: 0x00007f8b377f8000,0x00007f8b378f9000] [id=9512]

VM state:not at safepoint (normal execution)

VM Mutex/Monitor currently owned by a thread:  ([mutex/lock_event])
[0x00007f8b5c0073b0] Threads_lock - owner thread: 0x00007f8b5c0be000

Heap:
 PSYoungGen      total 174080K, used 20813K [0x00000000e0000000, 0x00000000eaa80000, 0x0000000100000000)
  eden space 173056K, 11% used [0x00000000e0000000,0x00000000e142b4e8,0x00000000ea900000)
  from space 1024K, 15% used [0x00000000ea980000,0x00000000ea9a8000,0x00000000eaa80000)
  to   space 512K, 0% used [0x00000000ea900000,0x00000000ea900000,0x00000000ea980000)
 ParOldGen       total 534016K, used 172618K [0x00000000a0000000, 0x00000000c0980000, 0x00000000e0000000)
  object space 534016K, 32% used [0x00000000a0000000,0x00000000aa892818,0x00000000c0980000)
 Metaspace       used 77610K, capacity 78368K, committed 78616K, reserved 1116160K
  class space    used 12520K, capacity 12764K, committed 12848K, reserved 1048576K

Card table byte_map: [0x00007f8b6053c000,0x00007f8b6083d000] byte_map_base: 0x00007f8b6003c000

Marking Bits: (ParMarkBitMap*) 0x00007f8b62ef4aa0
 Begin Bits: [0x00007f8b3d000000, 0x00007f8b3e800000)
 End Bits:   [0x00007f8b3e800000, 0x00007f8b40000000)

Polling page: 0x00007f8b63d40000

CodeCache: size=245760Kb used=43179Kb max_used=43984Kb free=202580Kb
 bounds [0x00007f8b4d000000, 0x00007f8b4fb40000, 0x00007f8b5c000000]
 total_blobs=13578 nmethods=12905 adapters=580
 compilation: enabled

Compilation events (10 events):
Event: 1255.746 Thread 0x00007f8b5c0cf000 nmethod 16836 0x00007f8b4ef31410 code [0x00007f8b4ef315a0, 0x00007f8b4ef31998]
Event: 1255.747 Thread 0x00007f8b5c0c0000 nmethod 16835 0x00007f8b4defd3d0 code [0x00007f8b4defd520, 0x00007f8b4defd648]
Event: 1255.747 Thread 0x00007f8b5c0cf000 16837       3       java.lang.UNIXProcess$ProcessPipeInputStream::drainInputStream (64 bytes)
Event: 1255.747 Thread 0x00007f8b5c0cf000 nmethod 16837 0x00007f8b4d842210 code [0x00007f8b4d842400, 0x00007f8b4d842e58]
Event: 1255.751 Thread 0x00007f8b5c0cf000 16838       3       java.util.ArrayList::isEmpty (13 bytes)
Event: 1255.751 Thread 0x00007f8b5c0cf000 nmethod 16838 0x00007f8b4e604d50 code [0x00007f8b4e604ec0, 0x00007f8b4e605070]
Event: 3160.136 Thread 0x00007f8b5c0cf000 16839       3       java.lang.Long::equals (30 bytes)
Event: 3160.136 Thread 0x00007f8b5c0cf000 nmethod 16839 0x00007f8b4efb9d50 code [0x00007f8b4efb9ee0, 0x00007f8b4efba390]
Event: 3160.136 Thread 0x00007f8b5c0cf000 16840  s    3       java.util.Vector::iterator (10 bytes)
Event: 3160.137 Thread 0x00007f8b5c0cf000 nmethod 16840 0x00007f8b4d6ee010 code [0x00007f8b4d6ee1a0, 0x00007f8b4d6ee610]

GC Heap History (10 events):
Event: 1244.979 GC heap before
{Heap before GC invocations=175 (full 3):
 PSYoungGen      total 173568K, used 172576K [0x00000000e0000000, 0x00000000eaa80000, 0x0000000100000000)
  eden space 172544K, 100% used [0x00000000e0000000,0x00000000ea880000,0x00000000ea880000)
  from space 1024K, 3% used [0x00000000ea880000,0x00000000ea888000,0x00000000ea980000)
  to   space 1024K, 0% used [0x00000000ea980000,0x00000000ea980000,0x00000000eaa80000)
 ParOldGen       total 534016K, used 172618K [0x00000000a0000000, 0x00000000c0980000, 0x00000000e0000000)
  object space 534016K, 32% used [0x00000000a0000000,0x00000000aa892818,0x00000000c0980000)
 Metaspace       used 77591K, capacity 78368K, committed 78616K, reserved 1116160K
  class space    used 12520K, capacity 12764K, committed 12848K, reserved 1048576K
Event: 1244.983 GC heap after
Heap after GC invocations=175 (full 3):
 PSYoungGen      total 173568K, used 96K [0x00000000e0000000, 0x00000000eaa80000, 0x0000000100000000)
  eden space 172544K, 0% used [0x00000000e0000000,0x00000000e0000000,0x00000000ea880000)
  from space 1024K, 9% used [0x00000000ea980000,0x00000000ea998000,0x00000000eaa80000)
  to   space 1024K, 0% used [0x00000000ea880000,0x00000000ea880000,0x00000000ea980000)
 ParOldGen       total 534016K, used 172618K [0x00000000a0000000, 0x00000000c0980000, 0x00000000e0000000)
  object space 534016K, 32% used [0x00000000a0000000,0x00000000aa892818,0x00000000c0980000)
 Metaspace       used 77591K, capacity 78368K, committed 78616K, reserved 1116160K
  class space    used 12520K, capacity 12764K, committed 12848K, reserved 1048576K
}
Event: 1246.673 GC heap before
{Heap before GC invocations=176 (full 3):
 PSYoungGen      total 173568K, used 172640K [0x00000000e0000000, 0x00000000eaa80000, 0x0000000100000000)
  eden space 172544K, 100% used [0x00000000e0000000,0x00000000ea880000,0x00000000ea880000)
  from space 1024K, 9% used [0x00000000ea980000,0x00000000ea998000,0x00000000eaa80000)
  to   space 1024K, 0% used [0x00000000ea880000,0x00000000ea880000,0x00000000ea980000)
 ParOldGen       total 534016K, used 172618K [0x00000000a0000000, 0x00000000c0980000, 0x00000000e0000000)
  object space 534016K, 32% used [0x00000000a0000000,0x00000000aa892818,0x00000000c0980000)
 Metaspace       used 77591K, capacity 78368K, committed 78616K, reserved 1116160K
  class space    used 12520K, capacity 12764K, committed 12848K, reserved 1048576K
Event: 1246.675 GC heap after
Heap after GC invocations=176 (full 3):
 PSYoungGen      total 173568K, used 127K [0x00000000e0000000, 0x00000000eaa80000, 0x0000000100000000)
  eden space 172544K, 0% used [0x00000000e0000000,0x00000000e0000000,0x00000000ea880000)
  from space 1024K, 12% used [0x00000000ea880000,0x00000000ea89fd10,0x00000000ea980000)
  to   space 1024K, 0% used [0x00000000ea980000,0x00000000ea980000,0x00000000eaa80000)
 ParOldGen       total 534016K, used 172618K [0x00000000a0000000, 0x00000000c0980000, 0x00000000e0000000)
  object space 534016K, 32% used [0x00000000a0000000,0x00000000aa892818,0x00000000c0980000)
 Metaspace       used 77591K, capacity 78368K, committed 78616K, reserved 1116160K
  class space    used 12520K, capacity 12764K, committed 12848K, reserved 1048576K
}
Event: 1248.340 GC heap before
{Heap before GC invocations=177 (full 3):
 PSYoungGen      total 173568K, used 172671K [0x00000000e0000000, 0x00000000eaa80000, 0x0000000100000000)
  eden space 172544K, 100% used [0x00000000e0000000,0x00000000ea880000,0x00000000ea880000)
  from space 1024K, 12% used [0x00000000ea880000,0x00000000ea89fd10,0x00000000ea980000)
  to   space 1024K, 0% used [0x00000000ea980000,0x00000000ea980000,0x00000000eaa80000)
 ParOldGen       total 534016K, used 172618K [0x00000000a0000000, 0x00000000c0980000, 0x00000000e0000000)
  object space 534016K, 32% used [0x00000000a0000000,0x00000000aa892818,0x00000000c0980000)
 Metaspace       used 77591K, capacity 78368K, committed 78616K, reserved 1116160K
  class space    used 12520K, capacity 12764K, committed 12848K, reserved 1048576K
Event: 1248.342 GC heap after
Heap after GC invocations=177 (full 3):
 PSYoungGen      total 173568K, used 158K [0x00000000e0000000, 0x00000000eaa80000, 0x0000000100000000)
  eden space 172544K, 0% used [0x00000000e0000000,0x00000000e0000000,0x00000000ea880000)
  from space 1024K, 15% used [0x00000000ea980000,0x00000000ea9a7a28,0x00000000eaa80000)
  to   space 1024K, 0% used [0x00000000ea880000,0x00000000ea880000,0x00000000ea980000)
 ParOldGen       total 534016K, used 172618K [0x00000000a0000000, 0x00000000c0980000, 0x00000000e0000000)
  object space 534016K, 32% used [0x00000000a0000000,0x00000000aa892818,0x00000000c0980000)
 Metaspace       used 77591K, capacity 78368K, committed 78616K, reserved 1116160K
  class space    used 12520K, capacity 12764K, committed 12848K, reserved 1048576K
}
Event: 1249.973 GC heap before
{Heap before GC invocations=178 (full 3):
 PSYoungGen      total 173568K, used 172702K [0x00000000e0000000, 0x00000000eaa80000, 0x0000000100000000)
  eden space 172544K, 100% used [0x00000000e0000000,0x00000000ea880000,0x00000000ea880000)
  from space 1024K, 15% used [0x00000000ea980000,0x00000000ea9a7a28,0x00000000eaa80000)
  to   space 1024K, 0% used [0x00000000ea880000,0x00000000ea880000,0x00000000ea980000)
 ParOldGen       total 534016K, used 172618K [0x00000000a0000000, 0x00000000c0980000, 0x00000000e0000000)
  object space 534016K, 32% used [0x00000000a0000000,0x00000000aa892818,0x00000000c0980000)
 Metaspace       used 77591K, capacity 78368K, committed 78616K, reserved 1116160K
  class space    used 12520K, capacity 12764K, committed 12848K, reserved 1048576K
Event: 1249.975 GC heap after
Heap after GC invocations=178 (full 3):
 PSYoungGen      total 173568K, used 159K [0x00000000e0000000, 0x00000000eaa80000, 0x0000000100000000)
  eden space 172544K, 0% used [0x00000000e0000000,0x00000000e0000000,0x00000000ea880000)
  from space 1024K, 15% used [0x00000000ea880000,0x00000000ea8a7d10,0x00000000ea980000)
  to   space 1024K, 0% used [0x00000000ea980000,0x00000000ea980000,0x00000000eaa80000)
 ParOldGen       total 534016K, used 172618K [0x00000000a0000000, 0x00000000c0980000, 0x00000000e0000000)
  object space 534016K, 32% used [0x00000000a0000000,0x00000000aa892818,0x00000000c0980000)
 Metaspace       used 77591K, capacity 78368K, committed 78616K, reserved 1116160K
  class space    used 12520K, capacity 12764K, committed 12848K, reserved 1048576K
}
Event: 1251.623 GC heap before
{Heap before GC invocations=179 (full 3):
 PSYoungGen      total 173568K, used 172703K [0x00000000e0000000, 0x00000000eaa80000, 0x0000000100000000)
  eden space 172544K, 100% used [0x00000000e0000000,0x00000000ea880000,0x00000000ea880000)
  from space 1024K, 15% used [0x00000000ea880000,0x00000000ea8a7d10,0x00000000ea980000)
  to   space 1024K, 0% used [0x00000000ea980000,0x00000000ea980000,0x00000000eaa80000)
 ParOldGen       total 534016K, used 172618K [0x00000000a0000000, 0x00000000c0980000, 0x00000000e0000000)
  object space 534016K, 32% used [0x00000000a0000000,0x00000000aa892818,0x00000000c0980000)
 Metaspace       used 77592K, capacity 78368K, committed 78616K, reserved 1116160K
  class space    used 12520K, capacity 12764K, committed 12848K, reserved 1048576K
Event: 1251.625 GC heap after
Heap after GC invocations=179 (full 3):
 PSYoungGen      total 174080K, used 160K [0x00000000e0000000, 0x00000000eaa80000, 0x0000000100000000)
  eden space 173056K, 0% used [0x00000000e0000000,0x00000000e0000000,0x00000000ea900000)
  from space 1024K, 15% used [0x00000000ea980000,0x00000000ea9a8000,0x00000000eaa80000)
  to   space 512K, 0% used [0x00000000ea900000,0x00000000ea900000,0x00000000ea980000)
 ParOldGen       total 534016K, used 172618K [0x00000000a0000000, 0x00000000c0980000, 0x00000000e0000000)
  object space 534016K, 32% used [0x00000000a0000000,0x00000000aa892818,0x00000000c0980000)
 Metaspace       used 77592K, capacity 78368K, committed 78616K, reserved 1116160K
  class space    used 12520K, capacity 12764K, committed 12848K, reserved 1048576K
}

Deoptimization events (10 events):
Event: 1128.374 Thread 0x00007f8aec2ec800 Uncommon trap: reason=class_check action=maybe_recompile pc=0x00007f8b4e96ca78 method=sun.awt.X11.XWindow.handleMotionNotify(Lsun/awt/X11/XEvent;)V @ 12
Event: 1128.374 Thread 0x00007f8b040ce000 Uncommon trap: reason=unstable_if action=reinterpret pc=0x00007f8b4d8f234c method=java.awt.Component.eventTypeEnabled(I)Z @ 301
Event: 1128.424 Thread 0x00007f8aec2ec800 Uncommon trap: reason=class_check action=maybe_recompile pc=0x00007f8b4f2142d4 method=sun.awt.X11.XBaseWindow.dispatchEvent(Lsun/awt/X11/XEvent;)V @ 214
Event: 1128.425 Thread 0x00007f8aec2ec800 Uncommon trap: reason=class_check action=maybe_recompile pc=0x00007f8b4e96ca78 method=sun.awt.X11.XWindow.handleMotionNotify(Lsun/awt/X11/XEvent;)V @ 12
Event: 1128.425 Thread 0x00007f8aec2ec800 Uncommon trap: reason=class_check action=maybe_recompile pc=0x00007f8b4f2142d4 method=sun.awt.X11.XBaseWindow.dispatchEvent(Lsun/awt/X11/XEvent;)V @ 214
Event: 1128.425 Thread 0x00007f8aec2ec800 Uncommon trap: reason=class_check action=maybe_recompile pc=0x00007f8b4e96ca78 method=sun.awt.X11.XWindow.handleMotionNotify(Lsun/awt/X11/XEvent;)V @ 12
Event: 1130.475 Thread 0x00007f8aec2ec800 Uncommon trap: reason=class_check action=maybe_recompile pc=0x00007f8b4f2142d4 method=sun.awt.X11.XBaseWindow.dispatchEvent(Lsun/awt/X11/XEvent;)V @ 214
Event: 1130.475 Thread 0x00007f8aec2ec800 Uncommon trap: reason=class_check action=maybe_recompile pc=0x00007f8b4e96ca78 method=sun.awt.X11.XWindow.handleMotionNotify(Lsun/awt/X11/XEvent;)V @ 12
Event: 1197.038 Thread 0x00007f8b0005a800 Uncommon trap: reason=unstable_if action=reinterpret pc=0x00007f8b4d1925c0 method=gravSim$$anonfun$draw$2.apply(LgravSim$ball;)LgravSim$ball; @ 269
Event: 1206.605 Thread 0x00007f8b0005a800 Uncommon trap: reason=unstable_if action=reinterpret pc=0x00007f8b4e674a20 method=gravSim$$anonfun$draw$2.apply(LgravSim$ball;)LgravSim$ball; @ 243

Internal exceptions (10 events):
Event: 875.660 Thread 0x00007f8ac8024800 Exception <a 'java/lang/UnsupportedOperationException': > (0x00000000eab727b8) thrown at [/builddir/build/BUILD/java-1.8.0-openjdk-1.8.0.131-1.b12.fc25.x86_64/openjdk/hotspot/src/share/vm/prims/jni.cpp, line 736]
Event: 892.460 Thread 0x00007f8b5c35b800 Implicit null exception at 0x00007f8b4e1102b8 to 0x00007f8b4e110849
Event: 892.912 Thread 0x00007f8af8020800 Exception <a 'java/lang/UnsupportedOperationException': > (0x00000000e17c1938) thrown at [/builddir/build/BUILD/java-1.8.0-openjdk-1.8.0.131-1.b12.fc25.x86_64/openjdk/hotspot/src/share/vm/prims/jni.cpp, line 736]
Event: 933.375 Thread 0x00007f8ad8017000 Exception <a 'java/lang/reflect/InvocationTargetException'> (0x00000000e8fbca68) thrown at [/builddir/build/BUILD/java-1.8.0-openjdk-1.8.0.131-1.b12.fc25.x86_64/openjdk/hotspot/src/share/vm/runtime/reflection.cpp, line 1092]
Event: 935.411 Thread 0x00007f8b5c360000 Exception <a 'java/lang/reflect/InvocationTargetException'> (0x00000000eb561ac8) thrown at [/builddir/build/BUILD/java-1.8.0-openjdk-1.8.0.131-1.b12.fc25.x86_64/openjdk/hotspot/src/share/vm/runtime/reflection.cpp, line 1092]
Event: 1039.840 Thread 0x00007f8ad4002000 Exception <a 'java/lang/reflect/InvocationTargetException'> (0x00000000e1f88010) thrown at [/builddir/build/BUILD/java-1.8.0-openjdk-1.8.0.131-1.b12.fc25.x86_64/openjdk/hotspot/src/share/vm/runtime/reflection.cpp, line 1092]
Event: 1061.418 Thread 0x00007f8ae8796000 Exception <a 'java/lang/UnsupportedOperationException': > (0x00000000e8653eb8) thrown at [/builddir/build/BUILD/java-1.8.0-openjdk-1.8.0.131-1.b12.fc25.x86_64/openjdk/hotspot/src/share/vm/prims/jni.cpp, line 736]
Event: 1091.417 Thread 0x00007f8b040ce000 Exception <a 'java/lang/UnsupportedOperationException': > (0x00000000e12b0ea0) thrown at [/builddir/build/BUILD/java-1.8.0-openjdk-1.8.0.131-1.b12.fc25.x86_64/openjdk/hotspot/src/share/vm/prims/jni.cpp, line 736]
Event: 1178.901 Thread 0x00007f8b00059000 Exception <a 'java/lang/UnsupportedOperationException': > (0x00000000e211b780) thrown at [/builddir/build/BUILD/java-1.8.0-openjdk-1.8.0.131-1.b12.fc25.x86_64/openjdk/hotspot/src/share/vm/prims/jni.cpp, line 736]
Event: 3160.165 Thread 0x00007f8b5c00a800 Exception <a 'java/io/IOException'> (0x00000000e10ac010) thrown at [/builddir/build/BUILD/java-1.8.0-openjdk-1.8.0.131-1.b12.fc25.x86_64/openjdk/hotspot/src/share/vm/prims/jni.cpp, line 710]

Events (10 events):
Event: 1255.736 Executing VM operation: RevokeBias
Event: 1255.736 Executing VM operation: RevokeBias done
Event: 1255.736 Executing VM operation: RevokeBias
Event: 1255.736 Executing VM operation: RevokeBias done
Event: 1255.740 Thread 0x00007f8b5cd2a000 Thread added: 0x00007f8b5cd2a000
Event: 1255.748 Executing VM operation: BulkRevokeBias
Event: 1255.748 Executing VM operation: BulkRevokeBias done
Event: 3160.099 loading class sun/misc/Signal$1
Event: 3160.099 loading class sun/misc/Signal$1 done
Event: 3160.152 Executing VM operation: RevokeBias


Dynamic libraries:
a0000000-c0980000 rw-p 00000000 00:00 0 
c0980000-e0000000 ---p 00000000 00:00 0 
e0000000-eaa80000 rw-p 00000000 00:00 0 
eaa80000-100000000 ---p 00000000 00:00 0 
100000000-100c8c000 rw-p 00000000 00:00 0 
100c8c000-140000000 ---p 00000000 00:00 0 
55b0c4e24000-55b0c4e25000 r-xp 00000000 fd:00 668081                     /usr/lib/jvm/java-1.8.0-openjdk-1.8.0.131-1.b12.fc25.x86_64/jre/bin/java
55b0c5024000-55b0c5025000 r--p 00000000 fd:00 668081                     /usr/lib/jvm/java-1.8.0-openjdk-1.8.0.131-1.b12.fc25.x86_64/jre/bin/java
55b0c5025000-55b0c5026000 rw-p 00001000 fd:00 668081                     /usr/lib/jvm/java-1.8.0-openjdk-1.8.0.131-1.b12.fc25.x86_64/jre/bin/java
55b0c6f32000-55b0c6f53000 rw-p 00000000 00:00 0                          [heap]
7f8ac8000000-7f8ac819a000 rw-p 00000000 00:00 0 
7f8ac819a000-7f8acc000000 ---p 00000000 00:00 0 
7f8acc000000-7f8acc09d000 rw-p 00000000 00:00 0 
7f8acc09d000-7f8ad0000000 ---p 00000000 00:00 0 
7f8ad0000000-7f8ad0023000 rw-p 00000000 00:00 0 
7f8ad0023000-7f8ad4000000 ---p 00000000 00:00 0 
7f8ad4000000-7f8ad404a000 rw-p 00000000 00:00 0 
7f8ad404a000-7f8ad8000000 ---p 00000000 00:00 0 
7f8ad8000000-7f8ad809d000 rw-p 00000000 00:00 0 
7f8ad809d000-7f8adc000000 ---p 00000000 00:00 0 
7f8adcd6b000-7f8adcdab000 rw-p 00000000 00:00 0 
7f8adcdab000-7f8adcf6b000 ---p 00000000 00:00 0 
7f8adcf6b000-7f8add16b000 rw-p 00000000 00:00 0 
7f8add16b000-7f8add36b000 rw-p 00000000 00:00 0 
7f8add36b000-7f8add56b000 rw-p 00000000 00:00 0 
7f8add56b000-7f8add76b000 rw-p 00000000 00:00 0 
7f8add76b000-7f8add96b000 rw-p 00000000 00:00 0 
7f8add96b000-7f8addb6b000 rw-p 00000000 00:00 0 
7f8addb6b000-7f8addd6b000 rw-p 00000000 00:00 0 
7f8addd6b000-7f8addf6b000 rw-p 00000000 00:00 0 
7f8addf6b000-7f8ade167000 rw-p 00000000 00:00 0 
7f8ade167000-7f8ade16b000 ---p 00000000 00:00 0 
7f8ade16b000-7f8ade36b000 rw-p 00000000 00:00 0 
7f8ade36b000-7f8ade56b000 rw-p 00000000 00:00 0 
7f8ade62b000-7f8ade82b000 rw-p 00000000 00:00 0 
7f8ade82b000-7f8adea2b000 rw-p 00000000 00:00 0 
7f8adea2b000-7f8adec2b000 rw-p 00000000 00:00 0 
7f8adec2b000-7f8adee2b000 rw-p 00000000 00:00 0 
7f8adee2b000-7f8adf02b000 rw-p 00000000 00:00 0 
7f8adf02b000-7f8adf22b000 rw-p 00000000 00:00 0 
7f8adf22b000-7f8adf429000 rw-p 00000000 00:00 0 
7f8adf429000-7f8adf42b000 ---p 00000000 00:00 0 
7f8adf42b000-7f8adf7fc000 rw-s 00000000 00:05 4227090                    /SYSV00000000 (deleted)
7f8adf7fc000-7f8adf7ff000 ---p 00000000 00:00 0 
7f8adf7ff000-7f8adf8fd000 rw-p 00000000 00:00 0 
7f8adf8fd000-7f8adf900000 ---p 00000000 00:00 0 
7f8adf900000-7f8adf9fe000 rw-p 00000000 00:00 0 
7f8adf9fe000-7f8adfa01000 ---p 00000000 00:00 0 
7f8adfa01000-7f8adfaff000 rw-p 00000000 00:00 0 
7f8adfaff000-7f8adfb02000 ---p 00000000 00:00 0 
7f8adfb02000-7f8adfe00000 rw-p 00000000 00:00 0 
7f8adfe00000-7f8ae0000000 rw-p 00000000 00:00 0 
7f8ae0000000-7f8ae0021000 rw-p 00000000 00:00 0 
7f8ae0021000-7f8ae4000000 ---p 00000000 00:00 0 
7f8ae4000000-7f8ae4021000 rw-p 00000000 00:00 0 
7f8ae4021000-7f8ae8000000 ---p 00000000 00:00 0 
7f8ae8000000-7f8ae90d5000 rw-p 00000000 00:00 0 
7f8ae90d5000-7f8aec000000 ---p 00000000 00:00 0 
7f8aec000000-7f8aec3e4000 rw-p 00000000 00:00 0 
7f8aec3e4000-7f8af0000000 ---p 00000000 00:00 0 
7f8af0000000-7f8af03d4000 rw-p 00000000 00:00 0 
7f8af03d4000-7f8af4000000 ---p 00000000 00:00 0 
7f8af4000000-7f8af40ad000 rw-p 00000000 00:00 0 
7f8af40ad000-7f8af8000000 ---p 00000000 00:00 0 
7f8af8000000-7f8af80ad000 rw-p 00000000 00:00 0 
7f8af80ad000-7f8afc000000 ---p 00000000 00:00 0 
7f8afc000000-7f8afc070000 rw-p 00000000 00:00 0 
7f8afc070000-7f8b00000000 ---p 00000000 00:00 0 
7f8b00000000-7f8b000ac000 rw-p 00000000 00:00 0 
7f8b000ac000-7f8b04000000 ---p 00000000 00:00 0 
7f8b04000000-7f8b0414c000 rw-p 00000000 00:00 0 
7f8b0414c000-7f8b08000000 ---p 00000000 00:00 0 
7f8b08000000-7f8b08021000 rw-p 00000000 00:00 0 
7f8b08021000-7f8b0c000000 ---p 00000000 00:00 0 
7f8b0c000000-7f8b0c021000 rw-p 00000000 00:00 0 
7f8b0c021000-7f8b10000000 ---p 00000000 00:00 0 
7f8b10000000-7f8b11f1f000 rw-p 00000000 00:00 0 
7f8b11f1f000-7f8b14000000 ---p 00000000 00:00 0 
7f8b14000000-7f8b16305000 rw-p 00000000 00:00 0 
7f8b16305000-7f8b18000000 ---p 00000000 00:00 0 
7f8b18000000-7f8b1ba89000 rw-p 00000000 00:00 0 
7f8b1ba89000-7f8b1c000000 ---p 00000000 00:00 0 
7f8b1c0a2000-7f8b1c0a5000 ---p 00000000 00:00 0 
7f8b1c0a5000-7f8b1c1a3000 rw-p 00000000 00:00 0 
7f8b1c1a3000-7f8b1c1a6000 ---p 00000000 00:00 0 
7f8b1c1a6000-7f8b1c2a4000 rw-p 00000000 00:00 0 
7f8b1c2a4000-7f8b1c2a9000 r-xp 00000000 fd:00 664103                     /usr/lib64/libXfixes.so.3.1.0
7f8b1c2a9000-7f8b1c4a8000 ---p 00005000 fd:00 664103                     /usr/lib64/libXfixes.so.3.1.0
7f8b1c4a8000-7f8b1c4a9000 r--p 00004000 fd:00 664103                     /usr/lib64/libXfixes.so.3.1.0
7f8b1c4a9000-7f8b1c4aa000 rw-p 00005000 fd:00 664103                     /usr/lib64/libXfixes.so.3.1.0
7f8b1c4aa000-7f8b1c4b3000 r-xp 00000000 fd:00 664099                     /usr/lib64/libXcursor.so.1.0.2
7f8b1c4b3000-7f8b1c6b3000 ---p 00009000 fd:00 664099                     /usr/lib64/libXcursor.so.1.0.2
7f8b1c6b3000-7f8b1c6b4000 r--p 00009000 fd:00 664099                     /usr/lib64/libXcursor.so.1.0.2
7f8b1c6b4000-7f8b1c6b5000 rw-p 00000000 00:00 0 
7f8b1c6b5000-7f8b1c6e6000 r-xp 00000000 fd:00 663378                     /usr/lib64/libpng16.so.16.27.0
7f8b1c6e6000-7f8b1c8e6000 ---p 00031000 fd:00 663378                     /usr/lib64/libpng16.so.16.27.0
7f8b1c8e6000-7f8b1c8e7000 r--p 00031000 fd:00 663378                     /usr/lib64/libpng16.so.16.27.0
7f8b1c8e7000-7f8b1c8e8000 rw-p 00000000 00:00 0 
7f8b1c8e8000-7f8b1c8f7000 r-xp 00000000 fd:00 662809                     /usr/lib64/libbz2.so.1.0.6
7f8b1c8f7000-7f8b1caf6000 ---p 0000f000 fd:00 662809                     /usr/lib64/libbz2.so.1.0.6
7f8b1caf6000-7f8b1caf7000 r--p 0000e000 fd:00 662809                     /usr/lib64/libbz2.so.1.0.6
7f8b1caf7000-7f8b1caf8000 rw-p 0000f000 fd:00 662809                     /usr/lib64/libbz2.so.1.0.6
7f8b1caf8000-7f8b1cb9c000 r-xp 00000000 fd:00 662974                     /usr/lib64/libfreetype.so.6.12.5
7f8b1cb9c000-7f8b1cd9c000 ---p 000a4000 fd:00 662974                     /usr/lib64/libfreetype.so.6.12.5
7f8b1cd9c000-7f8b1cda2000 r--p 000a4000 fd:00 662974                     /usr/lib64/libfreetype.so.6.12.5
7f8b1cda2000-7f8b1cda3000 rw-p 00000000 00:00 0 
7f8b1ce2a000-7f8b1ce34000 r-xp 00000000 fd:00 664112                     /usr/lib64/libXrandr.so.2.2.0
7f8b1ce34000-7f8b1d033000 ---p 0000a000 fd:00 664112                     /usr/lib64/libXrandr.so.2.2.0
7f8b1d033000-7f8b1d034000 r--p 00009000 fd:00 664112                     /usr/lib64/libXrandr.so.2.2.0
7f8b1d034000-7f8b1d035000 rw-p 0000a000 fd:00 664112                     /usr/lib64/libXrandr.so.2.2.0
7f8b1d035000-7f8b1d037000 r-xp 00000000 fd:00 664097                     /usr/lib64/libXau.so.6.0.0
7f8b1d037000-7f8b1d237000 ---p 00002000 fd:00 664097                     /usr/lib64/libXau.so.6.0.0
7f8b1d237000-7f8b1d238000 r--p 00002000 fd:00 664097                     /usr/lib64/libXau.so.6.0.0
7f8b1d238000-7f8b1d239000 rw-p 00000000 00:00 0 
7f8b1d239000-7f8b1d260000 r-xp 00000000 fd:00 665066                     /usr/lib64/libxcb.so.1.1.0
7f8b1d260000-7f8b1d45f000 ---p 00027000 fd:00 665066                     /usr/lib64/libxcb.so.1.1.0
7f8b1d45f000-7f8b1d460000 r--p 00026000 fd:00 665066                     /usr/lib64/libxcb.so.1.1.0
7f8b1d460000-7f8b1d461000 rw-p 00027000 fd:00 665066                     /usr/lib64/libxcb.so.1.1.0
7f8b1d461000-7f8b24000000 r--p 00000000 fd:00 655141                     /usr/lib/locale/locale-archive
7f8b24000000-7f8b24021000 rw-p 00000000 00:00 0 
7f8b24021000-7f8b28000000 ---p 00000000 00:00 0 
7f8b28000000-7f8b28021000 rw-p 00000000 00:00 0 
7f8b28021000-7f8b2c000000 ---p 00000000 00:00 0 
7f8b2c000000-7f8b2c021000 rw-p 00000000 00:00 0 
7f8b2c021000-7f8b30000000 ---p 00000000 00:00 0 
7f8b30000000-7f8b3008b000 rw-p 00000000 00:00 0 
7f8b3008b000-7f8b34000000 ---p 00000000 00:00 0 
7f8b340ee000-7f8b340f1000 ---p 00000000 00:00 0 
7f8b340f1000-7f8b341ef000 rw-p 00000000 00:00 0 
7f8b341ef000-7f8b341fe000 r-xp 00000000 fd:00 662723                     /usr/lib64/libXi.so.6.1.0
7f8b341fe000-7f8b343fd000 ---p 0000f000 fd:00 662723                     /usr/lib64/libXi.so.6.1.0
7f8b343fd000-7f8b343fe000 r--p 0000e000 fd:00 662723                     /usr/lib64/libXi.so.6.1.0
7f8b343fe000-7f8b343ff000 rw-p 0000f000 fd:00 662723                     /usr/lib64/libXi.so.6.1.0
7f8b343ff000-7f8b34404000 r-xp 00000000 fd:00 664115                     /usr/lib64/libXtst.so.6.1.0
7f8b34404000-7f8b34603000 ---p 00005000 fd:00 664115                     /usr/lib64/libXtst.so.6.1.0
7f8b34603000-7f8b34604000 r--p 00004000 fd:00 664115                     /usr/lib64/libXtst.so.6.1.0
7f8b34604000-7f8b34605000 rw-p 00005000 fd:00 664115                     /usr/lib64/libXtst.so.6.1.0
7f8b34605000-7f8b34607000 r-xp 00000000 fd:00 664098                     /usr/lib64/libXcomposite.so.1.0.0
7f8b34607000-7f8b34806000 ---p 00002000 fd:00 664098                     /usr/lib64/libXcomposite.so.1.0.0
7f8b34806000-7f8b34807000 r--p 00001000 fd:00 664098                     /usr/lib64/libXcomposite.so.1.0.0
7f8b34807000-7f8b34808000 rw-p 00000000 00:00 0 
7f8b34808000-7f8b34811000 r-xp 00000000 fd:00 664113                     /usr/lib64/libXrender.so.1.3.0
7f8b34811000-7f8b34a10000 ---p 00009000 fd:00 664113                     /usr/lib64/libXrender.so.1.3.0
7f8b34a10000-7f8b34a11000 r--p 00008000 fd:00 664113                     /usr/lib64/libXrender.so.1.3.0
7f8b34a11000-7f8b34a12000 rw-p 00009000 fd:00 664113                     /usr/lib64/libXrender.so.1.3.0
7f8b34a12000-7f8b34b4a000 r-xp 00000000 fd:00 662711                     /usr/lib64/libX11.so.6.3.0
7f8b34b4a000-7f8b34d4a000 ---p 00138000 fd:00 662711                     /usr/lib64/libX11.so.6.3.0
7f8b34d4a000-7f8b34d4d000 r--p 00138000 fd:00 662711                     /usr/lib64/libX11.so.6.3.0
7f8b34d4d000-7f8b34d51000 rw-p 0013b000 fd:00 662711                     /usr/lib64/libX11.so.6.3.0
7f8b34d51000-7f8b34d62000 r-xp 00000000 fd:00 664102                     /usr/lib64/libXext.so.6.4.0
7f8b34d62000-7f8b34f61000 ---p 00011000 fd:00 664102                     /usr/lib64/libXext.so.6.4.0
7f8b34f61000-7f8b34f62000 r--p 00010000 fd:00 664102                     /usr/lib64/libXext.so.6.4.0
7f8b34f62000-7f8b34f63000 rw-p 00011000 fd:00 664102                     /usr/lib64/libXext.so.6.4.0
7f8b34f63000-7f8b34fb7000 r-xp 00000000 fd:00 668200                     /usr/lib/jvm/java-1.8.0-openjdk-1.8.0.131-1.b12.fc25.x86_64/jre/lib/amd64/libawt_xawt.so
7f8b34fb7000-7f8b351b7000 ---p 00054000 fd:00 668200                     /usr/lib/jvm/java-1.8.0-openjdk-1.8.0.131-1.b12.fc25.x86_64/jre/lib/amd64/libawt_xawt.so
7f8b351b7000-7f8b351b8000 r--p 00054000 fd:00 668200                     /usr/lib/jvm/java-1.8.0-openjdk-1.8.0.131-1.b12.fc25.x86_64/jre/lib/amd64/libawt_xawt.so
7f8b351b8000-7f8b351ba000 rw-p 00055000 fd:00 668200                     /usr/lib/jvm/java-1.8.0-openjdk-1.8.0.131-1.b12.fc25.x86_64/jre/lib/amd64/libawt_xawt.so
7f8b351ba000-7f8b351bc000 rw-p 00000000 00:00 0 
7f8b351bc000-7f8b3525d000 r-xp 00000000 fd:00 668097                     /usr/lib/jvm/java-1.8.0-openjdk-1.8.0.131-1.b12.fc25.x86_64/jre/lib/amd64/libawt.so
7f8b3525d000-7f8b3545c000 ---p 000a1000 fd:00 668097                     /usr/lib/jvm/java-1.8.0-openjdk-1.8.0.131-1.b12.fc25.x86_64/jre/lib/amd64/libawt.so
7f8b3545c000-7f8b3545d000 r--p 000a0000 fd:00 668097                     /usr/lib/jvm/java-1.8.0-openjdk-1.8.0.131-1.b12.fc25.x86_64/jre/lib/amd64/libawt.so
7f8b3545d000-7f8b35468000 rw-p 000a1000 fd:00 668097                     /usr/lib/jvm/java-1.8.0-openjdk-1.8.0.131-1.b12.fc25.x86_64/jre/lib/amd64/libawt.so
7f8b35468000-7f8b3568d000 rw-p 00000000 00:00 0 
7f8b3568d000-7f8b35693000 r--s 000f3000 fd:00 29610                      /home/adampam/Desktop/scala/projectGrav/lib/core.jar
7f8b35693000-7f8b35696000 ---p 00000000 00:00 0 
7f8b35696000-7f8b35794000 rw-p 00000000 00:00 0 
7f8b35820000-7f8b35823000 ---p 00000000 00:00 0 
7f8b35823000-7f8b35859000 rw-p 00000000 00:00 0 
7f8b35859000-7f8b3585d000 r--s 0003e000 fd:00 668027                     /usr/lib/jvm/java-1.8.0-openjdk-1.8.0.131-1.b12.fc25.x86_64/jre/lib/ext/sunpkcs11.jar
7f8b3585d000-7f8b3585e000 r--s 00007000 fd:00 668025                     /usr/lib/jvm/java-1.8.0-openjdk-1.8.0.131-1.b12.fc25.x86_64/jre/lib/ext/sunec.jar
7f8b3585e000-7f8b35879000 r--s 003b7000 fd:00 668140                     /usr/lib/jvm/java-1.8.0-openjdk-1.8.0.131-1.b12.fc25.x86_64/jre/lib/ext/cldrdata.jar
7f8b35879000-7f8b35894000 r--s 001d6000 fd:00 668024                     /usr/lib/jvm/java-1.8.0-openjdk-1.8.0.131-1.b12.fc25.x86_64/jre/lib/ext/nashorn.jar
7f8b35894000-7f8b35899000 r--s 00309000 fd:00 668004                     /usr/lib/jvm/java-1.8.0-openjdk-1.8.0.131-1.b12.fc25.x86_64/jre/lib/charsets.jar
7f8b35899000-7f8b3589a000 r--s 00002000 fd:00 668020                     /usr/lib/jvm/java-1.8.0-openjdk-1.8.0.131-1.b12.fc25.x86_64/jre/lib/ext/dnsns.jar
7f8b3589a000-7f8b358a0000 r--s 00043000 fd:00 668026                     /usr/lib/jvm/java-1.8.0-openjdk-1.8.0.131-1.b12.fc25.x86_64/jre/lib/ext/sunjce_provider.jar
7f8b358a0000-7f8b358ab000 r--s 0011c000 fd:00 668022                     /usr/lib/jvm/java-1.8.0-openjdk-1.8.0.131-1.b12.fc25.x86_64/jre/lib/ext/localedata.jar
7f8b358ab000-7f8b358ad000 r--s 00012000 fd:00 668028                     /usr/lib/jvm/java-1.8.0-openjdk-1.8.0.131-1.b12.fc25.x86_64/jre/lib/ext/zipfs.jar
7f8b358ad000-7f8b358ae000 r--s 0000b000 fd:00 668021                     /usr/lib/jvm/java-1.8.0-openjdk-1.8.0.131-1.b12.fc25.x86_64/jre/lib/ext/jaccess.jar
7f8b358ae000-7f8b358b1000 r--s 00018000 fd:00 668151                     /usr/lib/jvm/java-1.8.0-openjdk-1.8.0.131-1.b12.fc25.x86_64/jre/lib/jce.jar
7f8b358b1000-7f8b35904000 r-xp 00000000 fd:00 668100                     /usr/lib/jvm/java-1.8.0-openjdk-1.8.0.131-1.b12.fc25.x86_64/jre/lib/amd64/libfontmanager.so
7f8b35904000-7f8b35b03000 ---p 00053000 fd:00 668100                     /usr/lib/jvm/java-1.8.0-openjdk-1.8.0.131-1.b12.fc25.x86_64/jre/lib/amd64/libfontmanager.so
7f8b35b03000-7f8b35b06000 r--p 00052000 fd:00 668100                     /usr/lib/jvm/java-1.8.0-openjdk-1.8.0.131-1.b12.fc25.x86_64/jre/lib/amd64/libfontmanager.so
7f8b35b06000-7f8b35b07000 rw-p 00055000 fd:00 668100                     /usr/lib/jvm/java-1.8.0-openjdk-1.8.0.131-1.b12.fc25.x86_64/jre/lib/amd64/libfontmanager.so
7f8b35b07000-7f8b35b1a000 r--s 00346000 fd:00 668009                     /usr/lib/jvm/java-1.8.0-openjdk-1.8.0.131-1.b12.fc25.x86_64/jre/lib/resources.jar
7f8b35b1a000-7f8b35d1a000 rw-p 00000000 00:00 0 
7f8b35d1a000-7f8b35d1d000 ---p 00000000 00:00 0 
7f8b35d1d000-7f8b35e1b000 rw-p 00000000 00:00 0 
7f8b35e1b000-7f8b35e1e000 ---p 00000000 00:00 0 
7f8b35e1e000-7f8b3611c000 rw-p 00000000 00:00 0 
7f8b3611c000-7f8b3611f000 ---p 00000000 00:00 0 
7f8b3611f000-7f8b3621d000 rw-p 00000000 00:00 0 
7f8b3621d000-7f8b36220000 ---p 00000000 00:00 0 
7f8b36220000-7f8b3631e000 rw-p 00000000 00:00 0 
7f8b3631e000-7f8b36321000 ---p 00000000 00:00 0 
7f8b36321000-7f8b3641f000 rw-p 00000000 00:00 0 
7f8b3641f000-7f8b36422000 ---p 00000000 00:00 0 
7f8b36422000-7f8b36720000 rw-p 00000000 00:00 0 
7f8b36720000-7f8b36920000 rw-p 00000000 00:00 0 
7f8b36920000-7f8b36922000 r--s 0000a000 fd:00 288015                     /home/adampam/.sbt/boot/scala-2.10.4/org.scala-sbt/sbt/0.13.1/xsbti/interface-0.13.1.jar
7f8b36922000-7f8b36924000 r--s 00001000 fd:00 28058                      /home/adampam/.sbt/boot/scala-2.10.4/org.scala-sbt/sbt/0.13.1/compiler-ivy-integration-0.13.1.jar
7f8b36924000-7f8b36926000 r--s 00002000 fd:00 28057                      /home/adampam/.sbt/boot/scala-2.10.4/org.scala-sbt/sbt/0.13.1/test-interface-1.0.jar
7f8b36926000-7f8b3692e000 r--s 0005d000 fd:00 28070                      /home/adampam/.sbt/boot/scala-2.10.4/org.scala-sbt/sbt/0.13.1/actions-0.13.1.jar
7f8b3692e000-7f8b36931000 r--s 0001d000 fd:00 28073                      /home/adampam/.sbt/boot/scala-2.10.4/org.scala-sbt/sbt/0.13.1/task-system-0.13.1.jar
7f8b36931000-7f8b36936000 r--s 0003c000 fd:00 28076                      /home/adampam/.sbt/boot/scala-2.10.4/org.scala-sbt/sbt/0.13.1/io-0.13.1.jar
7f8b36936000-7f8b36937000 r--s 00007000 fd:00 28080                      /home/adampam/.sbt/boot/scala-2.10.4/org.scala-sbt/sbt/0.13.1/jansi-1.11.jar
7f8b36937000-7f8b3693a000 r--s 0001d000 fd:00 28053                      /home/adampam/.sbt/boot/scala-2.10.4/org.scala-sbt/sbt/0.13.1/tasks-0.13.1.jar
7f8b3693a000-7f8b3693d000 r--s 00018000 fd:00 28049                      /home/adampam/.sbt/boot/scala-2.10.4/org.scala-sbt/sbt/0.13.1/logging-0.13.1.jar
7f8b3693d000-7f8b3693e000 r--s 00003000 fd:00 28063                      /home/adampam/.sbt/boot/scala-2.10.4/org.scala-sbt/sbt/0.13.1/jansi-native-1.5.jar
7f8b3693e000-7f8b36941000 r--s 00019000 fd:00 28078                      /home/adampam/.sbt/boot/scala-2.10.4/org.scala-sbt/sbt/0.13.1/cache-0.13.1.jar
7f8b36941000-7f8b36944000 r--s 0001d000 fd:00 28056                      /home/adampam/.sbt/boot/scala-2.10.4/org.scala-sbt/sbt/0.13.1/run-0.13.1.jar
7f8b36944000-7f8b3694e000 r--s 00084000 fd:00 28071                      /home/adampam/.sbt/boot/scala-2.10.4/org.scala-sbt/sbt/0.13.1/main-settings-0.13.1.jar
7f8b3694e000-7f8b36963000 r--s 00125000 fd:00 28064                      /home/adampam/.sbt/boot/scala-2.10.4/org.scala-sbt/sbt/0.13.1/ivy-2.3.0.jar
7f8b36963000-7f8b36964000 r--s 00005000 fd:00 28052                      /home/adampam/.sbt/boot/scala-2.10.4/org.scala-sbt/sbt/0.13.1/sbt-0.13.1.jar
7f8b36964000-7f8b36969000 r--s 00034000 fd:00 28068                      /home/adampam/.sbt/boot/scala-2.10.4/org.scala-sbt/sbt/0.13.1/command-0.13.1.jar
7f8b36969000-7f8b3696b000 r--s 00012000 fd:00 28055                      /home/adampam/.sbt/boot/scala-2.10.4/org.scala-sbt/sbt/0.13.1/apply-macro-0.13.1.jar
7f8b3696b000-7f8b36971000 r--s 00041000 fd:00 28050                      /home/adampam/.sbt/boot/scala-2.10.4/org.scala-sbt/sbt/0.13.1/api-0.13.1.jar
7f8b36971000-7f8b36974000 r--s 00019000 fd:00 28075                      /home/adampam/.sbt/boot/scala-2.10.4/org.scala-sbt/sbt/0.13.1/compile-0.13.1.jar
7f8b36974000-7f8b36976000 r--s 00023000 fd:00 28077                      /home/adampam/.sbt/boot/scala-2.10.4/org.scala-sbt/sbt/0.13.1/jline-2.11.jar
7f8b36976000-7f8b369b0000 r--s 002f4000 fd:00 28044                      /home/adampam/.sbt/boot/scala-2.10.4/org.scala-sbt/sbt/0.13.1/scala-reflect-2.10.4.jar
7f8b369b0000-7f8b369b2000 r--s 00012000 fd:00 28067                      /home/adampam/.sbt/boot/scala-2.10.4/org.scala-sbt/sbt/0.13.1/classfile-0.13.1.jar
7f8b369b2000-7f8b369bd000 r--s 00098000 fd:00 28069                      /home/adampam/.sbt/boot/scala-2.10.4/org.scala-sbt/sbt/0.13.1/ivy-0.13.1.jar
7f8b369bd000-7f8b369c0000 r--s 00012000 fd:00 28062                      /home/adampam/.sbt/boot/scala-2.10.4/org.scala-sbt/sbt/0.13.1/classpath-0.13.1.jar
7f8b369c0000-7f8b369e2000 r--s 001c0000 fd:00 28042                      /home/adampam/.sbt/boot/scala-2.10.4/org.scala-sbt/sbt/0.13.1/main-0.13.1.jar
7f8b369e2000-7f8b369e5000 r--s 0001b000 fd:00 28074                      /home/adampam/.sbt/boot/scala-2.10.4/org.scala-sbt/sbt/0.13.1/process-0.13.1.jar
7f8b369e5000-7f8b369e6000 r--s 00004000 fd:00 28060                      /home/adampam/.sbt/boot/scala-2.10.4/org.scala-sbt/sbt/0.13.1/hawtjni-runtime-1.8.jar
7f8b369e6000-7f8b369e8000 r--s 00009000 fd:00 28059                      /home/adampam/.sbt/boot/scala-2.10.4/org.scala-sbt/sbt/0.13.1/tracking-0.13.1.jar
7f8b369e8000-7f8b369ea000 r--s 00001000 fd:00 28066                      /home/adampam/.sbt/boot/scala-2.10.4/org.scala-sbt/sbt/0.13.1/launcher-interface-0.13.1.jar
7f8b369ea000-7f8b369ee000 r--s 0001d000 fd:00 28054                      /home/adampam/.sbt/boot/scala-2.10.4/org.scala-sbt/sbt/0.13.1/persist-0.13.1.jar
7f8b369ee000-7f8b369f0000 r--s 00001000 fd:00 28045                      /home/adampam/.sbt/boot/scala-2.10.4/org.scala-sbt/sbt/0.13.1/cross-0.13.1.jar
7f8b369f0000-7f8b369f3000 r--s 00013000 fd:00 28065                      /home/adampam/.sbt/boot/scala-2.10.4/org.scala-sbt/sbt/0.13.1/testing-0.13.1.jar
7f8b369f3000-7f8b369f8000 r--s 00040000 fd:00 28046                      /home/adampam/.sbt/boot/scala-2.10.4/org.scala-sbt/sbt/0.13.1/jsch-0.1.46.jar
7f8b369f8000-7f8b36a00000 r--s 00057000 fd:00 28047                      /home/adampam/.sbt/boot/scala-2.10.4/org.scala-sbt/sbt/0.13.1/collections-0.13.1.jar
7f8b36a00000-7f8b36a02000 r--s 00002000 fd:00 28043                      /home/adampam/.sbt/boot/scala-2.10.4/org.scala-sbt/sbt/0.13.1/control-0.13.1.jar
7f8b36a02000-7f8b36a09000 r--s 00046000 fd:00 28041                      /home/adampam/.sbt/boot/scala-2.10.4/org.scala-sbt/sbt/0.13.1/incremental-compiler-0.13.1.jar
7f8b36a09000-7f8b36a10000 r--s 00052000 fd:00 28061                      /home/adampam/.sbt/boot/scala-2.10.4/org.scala-sbt/sbt/0.13.1/completion-0.13.1.jar
7f8b36a10000-7f8b36a12000 r--s 0000e000 fd:00 28051                      /home/adampam/.sbt/boot/scala-2.10.4/org.scala-sbt/sbt/0.13.1/compiler-integration-0.13.1.jar
7f8b36a12000-7f8b36a14000 r--s 00006000 fd:00 28048                      /home/adampam/.sbt/boot/scala-2.10.4/org.scala-sbt/sbt/0.13.1/relation-0.13.1.jar
7f8b36a14000-7f8b36a17000 r--s 00022000 fd:00 28079                      /home/adampam/.sbt/boot/scala-2.10.4/org.scala-sbt/sbt/0.13.1/sbinary_2.10-0.4.2.jar
7f8b36a17000-7f8b36a19000 r--s 00004000 fd:00 28072                      /home/adampam/.sbt/boot/scala-2.10.4/org.scala-sbt/sbt/0.13.1/test-agent-0.13.1.jar
7f8b36a19000-7f8b36a1c000 r--s 00022000 fd:00 875962                     /usr/share/java/sbinary.jar
7f8b36a1c000-7f8b36c1c000 rw-p 00000000 00:00 0 
7f8b36c1c000-7f8b36c1e000 r--s 00002000 fd:00 875931                     /usr/share/java/test-interface.jar
7f8b36c1e000-7f8b36c1f000 r--s 00007000 fd:00 21851                      /usr/share/java/jansi/jansi.jar
7f8b36c1f000-7f8b36e1f000 rw-p 00000000 00:00 0 
7f8b36e1f000-7f8b36e23000 r--s 000b3000 fd:00 668153                     /usr/lib/jvm/java-1.8.0-openjdk-1.8.0.131-1.b12.fc25.x86_64/jre/lib/jsse.jar
7f8b36e23000-7f8b36e26000 ---p 00000000 00:00 0 
7f8b36e26000-7f8b36e5c000 rw-p 00000000 00:00 0 
7f8b36e5c000-7f8b36e5e000 r--s 00023000 fd:00 21856                      /usr/share/java/jline/jline.jar
7f8b36e5e000-7f8b36e60000 r--s 00012000 fd:00 948661                     /usr/share/java/sbt/apply-macro.jar
7f8b36e60000-7f8b36e63000 r--s 00019000 fd:00 948667                     /usr/share/java/sbt/compile.jar
7f8b36e63000-7f8b36e66000 r--s 0001d000 fd:00 948693                     /usr/share/java/sbt/task-system.jar
7f8b36e66000-7f8b36e69000 r--s 0001b000 fd:00 948686                     /usr/share/java/sbt/process.jar
7f8b36e69000-7f8b36e6a000 r--s 00005000 fd:00 948670                     /usr/share/java/sbt/compiler-interface-src.jar
7f8b36e6a000-7f8b36e6c000 r--s 00006000 fd:00 948687                     /usr/share/java/sbt/relation.jar
7f8b36e6c000-7f8b36e6d000 r--s 00005000 fd:00 948689                     /usr/share/java/sbt/sbt.jar
7f8b36e6d000-7f8b36e71000 r--s 0002b000 fd:00 948669                     /usr/share/java/sbt/compiler-interface-bin.jar
7f8b36e71000-7f8b37071000 rw-p 00000000 00:00 0 
7f8b37071000-7f8b37074000 r--s 00018000 fd:00 948682                     /usr/share/java/sbt/logging.jar
7f8b37074000-7f8b37078000 r--s 0001d000 fd:00 948685                     /usr/share/java/sbt/persist.jar
7f8b37078000-7f8b3709b000 r--s 001c0000 fd:00 948684                     /usr/share/java/sbt/main.jar
7f8b3709b000-7f8b3709d000 r--s 0001a000 fd:00 948662                     /usr/share/java/sbt/cache.jar
7f8b3709d000-7f8b370a0000 r--s 0000a000 fd:00 948677                     /usr/share/java/sbt/interface.jar
7f8b370a0000-7f8b370a5000 r--s 00034000 fd:00 948666                     /usr/share/java/sbt/command.jar
7f8b370a5000-7f8b370a7000 r--s 0000e000 fd:00 948668                     /usr/share/java/sbt/compiler-integration.jar
7f8b370a7000-7f8b370a9000 r--s 00001000 fd:00 948674                     /usr/share/java/sbt/cross.jar
7f8b370a9000-7f8b370ab000 r--s 00002000 fd:00 948673                     /usr/share/java/sbt/control.jar
7f8b370ab000-7f8b370ad000 r--s 00004000 fd:00 948695                     /usr/share/java/sbt/test-agent.jar
7f8b370ad000-7f8b370b0000 r--s 00014000 fd:00 948690                     /usr/share/java/sbt/scripted-framework.jar
7f8b370b0000-7f8b370b3000 r--s 0001d000 fd:00 948694                     /usr/share/java/sbt/tasks.jar
7f8b370b3000-7f8b371d5000 r--s 00d7f000 fd:00 288018                     /home/adampam/.sbt/boot/scala-2.10.4/lib/scala-compiler.jar
7f8b371d5000-7f8b3724a000 r--s 0064c000 fd:00 288019                     /home/adampam/.sbt/boot/scala-2.10.4/lib/scala-library.jar
7f8b3724a000-7f8b37284000 r--s 002f4000 fd:00 288017                     /home/adampam/.sbt/boot/scala-2.10.4/lib/scala-reflect.jar
7f8b37284000-7f8b37295000 r-xp 00000000 fd:00 668118                     /usr/lib/jvm/java-1.8.0-openjdk-1.8.0.131-1.b12.fc25.x86_64/jre/lib/amd64/libnio.so
7f8b37295000-7f8b37495000 ---p 00011000 fd:00 668118                     /usr/lib/jvm/java-1.8.0-openjdk-1.8.0.131-1.b12.fc25.x86_64/jre/lib/amd64/libnio.so
7f8b37495000-7f8b37496000 r--p 00011000 fd:00 668118                     /usr/lib/jvm/java-1.8.0-openjdk-1.8.0.131-1.b12.fc25.x86_64/jre/lib/amd64/libnio.so
7f8b37496000-7f8b37497000 rw-p 00012000 fd:00 668118                     /usr/lib/jvm/java-1.8.0-openjdk-1.8.0.131-1.b12.fc25.x86_64/jre/lib/amd64/libnio.so
7f8b37497000-7f8b374ae000 r-xp 00000000 fd:00 668117                     /usr/lib/jvm/java-1.8.0-openjdk-1.8.0.131-1.b12.fc25.x86_64/jre/lib/amd64/libnet.so
7f8b374ae000-7f8b376ad000 ---p 00017000 fd:00 668117                     /usr/lib/jvm/java-1.8.0-openjdk-1.8.0.131-1.b12.fc25.x86_64/jre/lib/amd64/libnet.so
7f8b376ad000-7f8b376ae000 r--p 00016000 fd:00 668117                     /usr/lib/jvm/java-1.8.0-openjdk-1.8.0.131-1.b12.fc25.x86_64/jre/lib/amd64/libnet.so
7f8b376ae000-7f8b376af000 rw-p 00017000 fd:00 668117                     /usr/lib/jvm/java-1.8.0-openjdk-1.8.0.131-1.b12.fc25.x86_64/jre/lib/amd64/libnet.so
7f8b376af000-7f8b376b6000 r--s 00055000 fd:00 948681                     /usr/share/java/sbt/launcher.jar
7f8b376b6000-7f8b376be000 r--s 00057000 fd:00 948665                     /usr/share/java/sbt/collections.jar
7f8b376be000-7f8b376c5000 r--s 0005e000 fd:00 948659                     /usr/share/java/sbt/actions.jar
7f8b376c5000-7f8b376cc000 r--s 00046000 fd:00 948676                     /usr/share/java/sbt/incremental-compiler.jar
7f8b376cc000-7f8b376d6000 r--s 00084000 fd:00 948683                     /usr/share/java/sbt/main-settings.jar
7f8b376d6000-7f8b377f8000 r--s 00d7f000 fd:00 21860                      /usr/share/java/scala/scala-compiler.jar
7f8b377f8000-7f8b377f9000 ---p 00000000 00:00 0 
7f8b377f9000-7f8b378f9000 rw-p 00000000 00:00 0 
7f8b378f9000-7f8b378fc000 ---p 00000000 00:00 0 
7f8b378fc000-7f8b379fa000 rw-p 00000000 00:00 0 
7f8b379fa000-7f8b379fd000 ---p 00000000 00:00 0 
7f8b379fd000-7f8b37afb000 rw-p 00000000 00:00 0 
7f8b37afb000-7f8b37afe000 ---p 00000000 00:00 0 
7f8b37afe000-7f8b37bfc000 rw-p 00000000 00:00 0 
7f8b37bfc000-7f8b37bff000 ---p 00000000 00:00 0 
7f8b37bff000-7f8b37cfd000 rw-p 00000000 00:00 0 
7f8b37cfd000-7f8b37d00000 ---p 00000000 00:00 0 
7f8b37d00000-7f8b37dfe000 rw-p 00000000 00:00 0 
7f8b37dfe000-7f8b37e01000 ---p 00000000 00:00 0 
7f8b37e01000-7f8b37eff000 rw-p 00000000 00:00 0 
7f8b37eff000-7f8b37f02000 ---p 00000000 00:00 0 
7f8b37f02000-7f8b38000000 rw-p 00000000 00:00 0 
7f8b38000000-7f8b38025000 rw-p 00000000 00:00 0 
7f8b38025000-7f8b3c000000 ---p 00000000 00:00 0 
7f8b3c000000-7f8b3c002000 r--s 00009000 fd:00 948697                     /usr/share/java/sbt/tracking.jar
7f8b3c002000-7f8b3c009000 r--s 00052000 fd:00 948672                     /usr/share/java/sbt/completion.jar
7f8b3c009000-7f8b3c010000 r--s 00041000 fd:00 948660                     /usr/share/java/sbt/api.jar
7f8b3c010000-7f8b3c01b000 r--s 00098000 fd:00 948679                     /usr/share/java/sbt/ivy.jar
7f8b3c01b000-7f8b3c042000 rw-p 00000000 00:00 0 
7f8b3c042000-7f8b3c0b7000 r--s 0064c000 fd:00 21861                      /usr/share/java/scala/scala-library.jar
7f8b3c0b7000-7f8b3c0f1000 r--s 002f4000 fd:00 21862                      /usr/share/java/scala/scala-reflect.jar
7f8b3c0f1000-7f8b3c0f2000 ---p 00000000 00:00 0 
7f8b3c0f2000-7f8b40000000 rw-p 00000000 00:00 0 
7f8b40000000-7f8b40021000 rw-p 00000000 00:00 0 
7f8b40021000-7f8b44000000 ---p 00000000 00:00 0 
7f8b44000000-7f8b44021000 rw-p 00000000 00:00 0 
7f8b44021000-7f8b48000000 ---p 00000000 00:00 0 
7f8b48000000-7f8b48021000 rw-p 00000000 00:00 0 
7f8b48021000-7f8b4c000000 ---p 00000000 00:00 0 
7f8b4c000000-7f8b4c001000 r--s 00002000 fd:00 948671                     /usr/share/java/sbt/compiler-ivy-integration.jar
7f8b4c001000-7f8b4c004000 r--s 00012000 fd:00 948663                     /usr/share/java/sbt/classfile.jar
7f8b4c004000-7f8b4c00a000 r--s 0003c000 fd:00 948678                     /usr/share/java/sbt/io.jar
7f8b4c00a000-7f8b4c1bb000 rw-p 00000000 00:00 0 
7f8b4c1bb000-7f8b4c389000 r--s 043e2000 fd:00 668164                     /usr/lib/jvm/java-1.8.0-openjdk-1.8.0.131-1.b12.fc25.x86_64/jre/lib/rt.jar
7f8b4c389000-7f8b4ceff000 rw-p 00000000 00:00 0 
7f8b4ceff000-7f8b4cf00000 ---p 00000000 00:00 0 
7f8b4cf00000-7f8b4d000000 rw-p 00000000 00:00 0 
7f8b4d000000-7f8b4fb40000 rwxp 00000000 00:00 0 
7f8b4fb40000-7f8b5c000000 ---p 00000000 00:00 0 
7f8b5c000000-7f8b5cd5d000 rw-p 00000000 00:00 0 
7f8b5cd5d000-7f8b60000000 ---p 00000000 00:00 0 
7f8b60000000-7f8b60003000 r--s 0001d000 fd:00 948688                     /usr/share/java/sbt/run.jar
7f8b60003000-7f8b60018000 r--s 00125000 fd:00 948655                     /usr/share/java/apache-ivy/ivy.jar
7f8b60018000-7f8b60039000 rw-p 00000000 00:00 0 
7f8b60039000-7f8b6003a000 ---p 00000000 00:00 0 
7f8b6003a000-7f8b6013a000 rw-p 00000000 00:00 0 
7f8b6013a000-7f8b6013b000 ---p 00000000 00:00 0 
7f8b6013b000-7f8b6023b000 rw-p 00000000 00:00 0 
7f8b6023b000-7f8b6023c000 ---p 00000000 00:00 0 
7f8b6023c000-7f8b60441000 rw-p 00000000 00:00 0 
7f8b60441000-7f8b6053c000 ---p 00000000 00:00 0 
7f8b6053c000-7f8b60641000 rw-p 00000000 00:00 0 
7f8b60641000-7f8b6073c000 ---p 00000000 00:00 0 
7f8b6073c000-7f8b60792000 rw-p 00000000 00:00 0 
7f8b60792000-7f8b6083c000 ---p 00000000 00:00 0 
7f8b6083c000-7f8b608ea000 rw-p 00000000 00:00 0 
7f8b608ea000-7f8b60bfd000 ---p 00000000 00:00 0 
7f8b60bfd000-7f8b60c05000 r-xp 00000000 fd:00 668125                     /usr/lib/jvm/java-1.8.0-openjdk-1.8.0.131-1.b12.fc25.x86_64/jre/lib/amd64/libzip.so
7f8b60c05000-7f8b60e04000 ---p 00008000 fd:00 668125                     /usr/lib/jvm/java-1.8.0-openjdk-1.8.0.131-1.b12.fc25.x86_64/jre/lib/amd64/libzip.so
7f8b60e04000-7f8b60e05000 r--p 00007000 fd:00 668125                     /usr/lib/jvm/java-1.8.0-openjdk-1.8.0.131-1.b12.fc25.x86_64/jre/lib/amd64/libzip.so
7f8b60e05000-7f8b60e06000 rw-p 00000000 00:00 0 
7f8b60e06000-7f8b60e10000 r-xp 00000000 fd:00 663317                     /usr/lib64/libnss_files-2.24.so
7f8b60e10000-7f8b61010000 ---p 0000a000 fd:00 663317                     /usr/lib64/libnss_files-2.24.so
7f8b61010000-7f8b61011000 r--p 0000a000 fd:00 663317                     /usr/lib64/libnss_files-2.24.so
7f8b61011000-7f8b61012000 rw-p 0000b000 fd:00 663317                     /usr/lib64/libnss_files-2.24.so
7f8b61012000-7f8b61018000 rw-p 00000000 00:00 0 
7f8b61018000-7f8b61045000 r-xp 00000000 fd:00 668107                     /usr/lib/jvm/java-1.8.0-openjdk-1.8.0.131-1.b12.fc25.x86_64/jre/lib/amd64/libjava.so
7f8b61045000-7f8b61245000 ---p 0002d000 fd:00 668107                     /usr/lib/jvm/java-1.8.0-openjdk-1.8.0.131-1.b12.fc25.x86_64/jre/lib/amd64/libjava.so
7f8b61245000-7f8b61246000 r--p 0002d000 fd:00 668107                     /usr/lib/jvm/java-1.8.0-openjdk-1.8.0.131-1.b12.fc25.x86_64/jre/lib/amd64/libjava.so
7f8b61246000-7f8b61247000 rw-p 0002e000 fd:00 668107                     /usr/lib/jvm/java-1.8.0-openjdk-1.8.0.131-1.b12.fc25.x86_64/jre/lib/amd64/libjava.so
7f8b61247000-7f8b61248000 rw-p 00000000 00:00 0 
7f8b61248000-7f8b61255000 r-xp 00000000 fd:00 668124                     /usr/lib/jvm/java-1.8.0-openjdk-1.8.0.131-1.b12.fc25.x86_64/jre/lib/amd64/libverify.so
7f8b61255000-7f8b61454000 ---p 0000d000 fd:00 668124                     /usr/lib/jvm/java-1.8.0-openjdk-1.8.0.131-1.b12.fc25.x86_64/jre/lib/amd64/libverify.so
7f8b61454000-7f8b61456000 r--p 0000c000 fd:00 668124                     /usr/lib/jvm/java-1.8.0-openjdk-1.8.0.131-1.b12.fc25.x86_64/jre/lib/amd64/libverify.so
7f8b61456000-7f8b61457000 rw-p 00000000 00:00 0 
7f8b61457000-7f8b6145e000 r-xp 00000000 fd:00 663418                     /usr/lib64/librt-2.24.so
7f8b6145e000-7f8b6165d000 ---p 00007000 fd:00 663418                     /usr/lib64/librt-2.24.so
7f8b6165d000-7f8b6165e000 r--p 00006000 fd:00 663418                     /usr/lib64/librt-2.24.so
7f8b6165e000-7f8b6165f000 rw-p 00007000 fd:00 663418                     /usr/lib64/librt-2.24.so
7f8b6165f000-7f8b61675000 r-xp 00000000 fd:00 658657                     /usr/lib64/libgcc_s-6.3.1-20161221.so.1
7f8b61675000-7f8b61874000 ---p 00016000 fd:00 658657                     /usr/lib64/libgcc_s-6.3.1-20161221.so.1
7f8b61874000-7f8b61875000 r--p 00015000 fd:00 658657                     /usr/lib64/libgcc_s-6.3.1-20161221.so.1
7f8b61875000-7f8b61876000 rw-p 00016000 fd:00 658657                     /usr/lib64/libgcc_s-6.3.1-20161221.so.1
7f8b61876000-7f8b6197e000 r-xp 00000000 fd:00 662899                     /usr/lib64/libm-2.24.so
7f8b6197e000-7f8b61b7d000 ---p 00108000 fd:00 662899                     /usr/lib64/libm-2.24.so
7f8b61b7d000-7f8b61b7e000 r--p 00107000 fd:00 662899                     /usr/lib64/libm-2.24.so
7f8b61b7e000-7f8b61b7f000 rw-p 00108000 fd:00 662899                     /usr/lib64/libm-2.24.so
7f8b61b7f000-7f8b61cf7000 r-xp 00000000 fd:00 663490                     /usr/lib64/libstdc++.so.6.0.22
7f8b61cf7000-7f8b61ef7000 ---p 00178000 fd:00 663490                     /usr/lib64/libstdc++.so.6.0.22
7f8b61ef7000-7f8b61f01000 r--p 00178000 fd:00 663490                     /usr/lib64/libstdc++.so.6.0.22
7f8b61f01000-7f8b61f03000 rw-p 00182000 fd:00 663490                     /usr/lib64/libstdc++.so.6.0.22
7f8b61f03000-7f8b61f07000 rw-p 00000000 00:00 0 
7f8b61f07000-7f8b62c1d000 r-xp 00000000 fd:00 668129                     /usr/lib/jvm/java-1.8.0-openjdk-1.8.0.131-1.b12.fc25.x86_64/jre/lib/amd64/server/libjvm.so
7f8b62c1d000-7f8b62e1d000 ---p 00d16000 fd:00 668129                     /usr/lib/jvm/java-1.8.0-openjdk-1.8.0.131-1.b12.fc25.x86_64/jre/lib/amd64/server/libjvm.so
7f8b62e1d000-7f8b62eb8000 r--p 00d16000 fd:00 668129                     /usr/lib/jvm/java-1.8.0-openjdk-1.8.0.131-1.b12.fc25.x86_64/jre/lib/amd64/server/libjvm.so
7f8b62eb8000-7f8b62ee1000 rw-p 00db1000 fd:00 668129                     /usr/lib/jvm/java-1.8.0-openjdk-1.8.0.131-1.b12.fc25.x86_64/jre/lib/amd64/server/libjvm.so
7f8b62ee1000-7f8b62f11000 rw-p 00000000 00:00 0 
7f8b62f11000-7f8b630cd000 r-xp 00000000 fd:00 662746                     /usr/lib64/libc-2.24.so
7f8b630cd000-7f8b632cd000 ---p 001bc000 fd:00 662746                     /usr/lib64/libc-2.24.so
7f8b632cd000-7f8b632d1000 r--p 001bc000 fd:00 662746                     /usr/lib64/libc-2.24.so
7f8b632d1000-7f8b632d3000 rw-p 001c0000 fd:00 662746                     /usr/lib64/libc-2.24.so
7f8b632d3000-7f8b632d7000 rw-p 00000000 00:00 0 
7f8b632d7000-7f8b632da000 r-xp 00000000 fd:00 662843                     /usr/lib64/libdl-2.24.so
7f8b632da000-7f8b634d9000 ---p 00003000 fd:00 662843                     /usr/lib64/libdl-2.24.so
7f8b634d9000-7f8b634da000 r--p 00002000 fd:00 662843                     /usr/lib64/libdl-2.24.so
7f8b634da000-7f8b634db000 rw-p 00003000 fd:00 662843                     /usr/lib64/libdl-2.24.so
7f8b634db000-7f8b634e8000 r-xp 00000000 fd:00 668094                     /usr/lib/jvm/java-1.8.0-openjdk-1.8.0.131-1.b12.fc25.x86_64/jre/lib/amd64/jli/libjli.so
7f8b634e8000-7f8b636e8000 ---p 0000d000 fd:00 668094                     /usr/lib/jvm/java-1.8.0-openjdk-1.8.0.131-1.b12.fc25.x86_64/jre/lib/amd64/jli/libjli.so
7f8b636e8000-7f8b636e9000 r--p 0000d000 fd:00 668094                     /usr/lib/jvm/java-1.8.0-openjdk-1.8.0.131-1.b12.fc25.x86_64/jre/lib/amd64/jli/libjli.so
7f8b636e9000-7f8b636ea000 rw-p 00000000 00:00 0 
7f8b636ea000-7f8b636ff000 r-xp 00000000 fd:00 665099                     /usr/lib64/libz.so.1.2.8
7f8b636ff000-7f8b638fe000 ---p 00015000 fd:00 665099                     /usr/lib64/libz.so.1.2.8
7f8b638fe000-7f8b638ff000 r--p 00014000 fd:00 665099                     /usr/lib64/libz.so.1.2.8
7f8b638ff000-7f8b63900000 rw-p 00015000 fd:00 665099                     /usr/lib64/libz.so.1.2.8
7f8b63900000-7f8b63918000 r-xp 00000000 fd:00 663318                     /usr/lib64/libpthread-2.24.so
7f8b63918000-7f8b63b18000 ---p 00018000 fd:00 663318                     /usr/lib64/libpthread-2.24.so
7f8b63b18000-7f8b63b19000 r--p 00018000 fd:00 663318                     /usr/lib64/libpthread-2.24.so
7f8b63b19000-7f8b63b1a000 rw-p 00019000 fd:00 663318                     /usr/lib64/libpthread-2.24.so
7f8b63b1a000-7f8b63b1e000 rw-p 00000000 00:00 0 
7f8b63b1e000-7f8b63b44000 r-xp 00000000 fd:00 666369                     /usr/lib64/ld-2.24.so
7f8b63b44000-7f8b63b46000 r--s 00001000 fd:00 948680                     /usr/share/java/sbt/launcher-interface.jar
7f8b63b46000-7f8b63b48000 r--s 0000e000 fd:00 948675                     /usr/share/java/sbt/datatype-generator.jar
7f8b63b48000-7f8b63b4a000 r--s 0000c000 fd:00 948692                     /usr/share/java/sbt/scripted-sbt.jar
7f8b63b4a000-7f8b63b4d000 r--s 00012000 fd:00 948664                     /usr/share/java/sbt/classpath.jar
7f8b63b4d000-7f8b63b50000 r--s 00013000 fd:00 948696                     /usr/share/java/sbt/testing.jar
7f8b63b50000-7f8b63b64000 r--s 000c1000 fd:00 21864                      /usr/share/java/scala/scalap.jar
7f8b63b64000-7f8b63c26000 rw-p 00000000 00:00 0 
7f8b63c26000-7f8b63c29000 ---p 00000000 00:00 0 
7f8b63c29000-7f8b63d2b000 rw-p 00000000 00:00 0 
7f8b63d2b000-7f8b63d2c000 r--s 00005000 fd:00 948691                     /usr/share/java/sbt/scripted-plugin.jar
7f8b63d2c000-7f8b63d37000 r--s 000a4000 fd:00 21863                      /usr/share/java/scala/scala-swing.jar
7f8b63d37000-7f8b63d3f000 rw-s 00000000 00:29 302271                     /tmp/hsperfdata_adampam/9498
7f8b63d3f000-7f8b63d40000 rw-p 00000000 00:00 0 
7f8b63d40000-7f8b63d41000 r--p 00000000 00:00 0 
7f8b63d41000-7f8b63d43000 rw-p 00000000 00:00 0 
7f8b63d43000-7f8b63d44000 r--p 00025000 fd:00 666369                     /usr/lib64/ld-2.24.so
7f8b63d44000-7f8b63d45000 rw-p 00026000 fd:00 666369                     /usr/lib64/ld-2.24.so
7f8b63d45000-7f8b63d46000 rw-p 00000000 00:00 0 
7ffd16975000-7ffd16997000 rw-p 00000000 00:00 0                          [stack]
7ffd1699c000-7ffd1699e000 r--p 00000000 00:00 0                          [vvar]
7ffd1699e000-7ffd169a0000 r-xp 00000000 00:00 0                          [vdso]
ffffffffff600000-ffffffffff601000 r-xp 00000000 00:00 0                  [vsyscall]

VM Arguments:
jvm_args: -Xms512M -Xmx1536M -Xss1M -XX:+CMSClassUnloadingEnabled -Dfedora.sbt.boot.dir=/usr/share/sbt/boot -Dfedora.sbt.ivy.dir=/usr/share/sbt/ivy-local -Dsbt.boot.properties=/etc/sbt/sbt.boot.properties 
java_command: xsbt.boot.Boot
java_class_path (initial): /usr/share/java/scala/scalap.jar:/usr/share/java/scala/scala-reflect.jar:/usr/share/java/scala/scala-library.jar:/usr/share/java/scala/scala-compiler.jar:/usr/share/java/scala/scala-swing.jar:/usr/share/java/ivy.jar:/usr/share/java/sbt/testing.jar:/usr/share/java/sbt/classpath.jar:/usr/share/java/sbt/ivy.jar:/usr/share/java/sbt/scripted-sbt.jar:/usr/share/java/sbt/io.jar:/usr/share/java/sbt/api.jar:/usr/share/java/sbt/datatype-generator.jar:/usr/share/java/sbt/scripted-plugin.jar:/usr/share/java/sbt/run.jar:/usr/share/java/sbt/completion.jar:/usr/share/java/sbt/main-settings.jar:/usr/share/java/sbt/classfile.jar:/usr/share/java/sbt/incremental-compiler.jar:/usr/share/java/sbt/actions.jar:/usr/share/java/sbt/launcher-interface.jar:/usr/share/java/sbt/collections.jar:/usr/share/java/sbt/launcher.jar:/usr/share/java/sbt/tasks.jar:/usr/share/java/sbt/scripted-framework.jar:/usr/share/java/sbt/tracking.jar:/usr/share/java/sbt/test-agent.jar:/usr/share/java/sbt/control.jar:/usr/share/java/sbt/cross.jar:/usr/share/java/sbt/compiler-integration.jar:/usr/share/java/sbt/command.jar:/usr/share/java/sbt/interface.jar:/usr/share/java/sbt/compiler-ivy-integration.jar:/usr/share/java/sbt/cache.jar:/usr/share/java/sbt/main.jar:/usr/share/java/sbt/persist.jar:/usr/share/java/sbt/logging.jar:/usr/share/java/sbt/compiler-interface-bin.jar:/usr/share/java/sbt/sbt.jar:/usr/share/java/sbt/relation.jar:/usr/share/java/sbt/compiler-interface-src.jar:/usr/share/java/sbt/process.jar:/usr/share/java/sbt/task-system.jar:/usr/share/java/sbt/compile.jar:/usr/share/java/sbt/apply-macro.jar:/usr/share/java/jline/jline.jar:/usr/share/java/jansi/jansi.jar:/usr/share/java/test-interface.jar:/usr/share/java/sbinary.jar
Launcher Type: SUN_STANDARD

Environment Variables:
PATH=/usr/local/bin:/usr/local/sbin:/usr/bin:/usr/sbin:/home/adampam/.local/bin:/home/adampam/bin
USERNAME=adampam
SHELL=/bin/bash
DISPLAY=:0

Signal Handlers:
SIGSEGV: [libjvm.so+0xb1b2a0], sa_mask[0]=11111111011111111101111111111110, sa_flags=SA_RESTART|SA_SIGINFO
SIGBUS: [libjvm.so+0xb1b2a0], sa_mask[0]=11111111011111111101111111111110, sa_flags=SA_RESTART|SA_SIGINFO
SIGFPE: [libjvm.so+0x8ec1f0], sa_mask[0]=11111111011111111101111111111110, sa_flags=SA_RESTART|SA_SIGINFO
SIGPIPE: [libjvm.so+0x8ec1f0], sa_mask[0]=11111111011111111101111111111110, sa_flags=SA_RESTART|SA_SIGINFO
SIGXFSZ: [libjvm.so+0x8ec1f0], sa_mask[0]=11111111011111111101111111111110, sa_flags=SA_RESTART|SA_SIGINFO
SIGILL: [libjvm.so+0x8ec1f0], sa_mask[0]=11111111011111111101111111111110, sa_flags=SA_RESTART|SA_SIGINFO
SIGUSR1: SIG_DFL, sa_mask[0]=00000000000000000000000000000000, sa_flags=none
SIGUSR2: [libjvm.so+0x8ec0a0], sa_mask[0]=00000000000000000000000000000000, sa_flags=SA_RESTART|SA_SIGINFO
SIGHUP: [libjvm.so+0x8ec550], sa_mask[0]=11111111011111111101111111111110, sa_flags=SA_RESTART|SA_SIGINFO
SIGINT: [libjvm.so+0x8ec550], sa_mask[0]=11111111011111111101111111111110, sa_flags=SA_RESTART|SA_SIGINFO
SIGTERM: [libjvm.so+0x8ec550], sa_mask[0]=11111111011111111101111111111110, sa_flags=SA_RESTART|SA_SIGINFO
SIGQUIT: [libjvm.so+0x8ec550], sa_mask[0]=11111111011111111101111111111110, sa_flags=SA_RESTART|SA_SIGINFO


---------------  S Y S T E M  ---------------

OS:Fedora release 25 (Twenty Five)

uname:Linux 4.11.6-201.fc25.x86_64 #1 SMP Tue Jun 20 20:21:11 UTC 2017 x86_64
libc:glibc 2.24 NPTL 2.24 
rlimit: STACK 8192k, CORE infinity, NPROC 31334, NOFILE 4096, AS infinity
load average:0.29 0.26 0.27

/proc/meminfo:
MemTotal:        8077452 kB
MemFree:         1960844 kB
MemAvailable:    2166008 kB
Buffers:           15028 kB
Cached:           831024 kB
SwapCached:           28 kB
Active:          5312572 kB
Inactive:         600744 kB
Active(anon):    5039372 kB
Inactive(anon):   474268 kB
Active(file):     273200 kB
Inactive(file):   126476 kB
Unevictable:          16 kB
Mlocked:              16 kB
SwapTotal:       2052092 kB
SwapFree:        2050300 kB
Dirty:              2092 kB
Writeback:             0 kB
AnonPages:       5061436 kB
Mapped:           112160 kB
Shmem:            446312 kB
Slab:             106072 kB
SReclaimable:      55968 kB
SUnreclaim:        50104 kB
KernelStack:        4644 kB
PageTables:        20240 kB
NFS_Unstable:          0 kB
Bounce:                0 kB
WritebackTmp:          0 kB
CommitLimit:     6090816 kB
Committed_AS:   10514744 kB
VmallocTotal:   34359738367 kB
VmallocUsed:           0 kB
VmallocChunk:          0 kB
HardwareCorrupted:     0 kB
AnonHugePages:         0 kB
ShmemHugePages:        0 kB
ShmemPmdMapped:        0 kB
CmaTotal:              0 kB
CmaFree:               0 kB
HugePages_Total:       0
HugePages_Free:        0
HugePages_Rsvd:        0
HugePages_Surp:        0
Hugepagesize:       2048 kB
DirectMap4k:      136680 kB
DirectMap2M:     5009408 kB
DirectMap1G:     4194304 kB


CPU:total 4 (initial active 4) (2 cores per cpu, 2 threads per core) family 6 model 69 stepping 1, cmov, cx8, fxsr, mmx, sse, sse2, sse3, ssse3, sse4.1, sse4.2, popcnt, avx, avx2, aes, clmul, erms, lzcnt, ht, tsc, tscinvbit, bmi1, bmi2

/proc/cpuinfo:
processor	: 0
vendor_id	: GenuineIntel
cpu family	: 6
model		: 69
model name	: Intel(R) Core(TM) i5-4300U CPU @ 1.90GHz
stepping	: 1
microcode	: 0x20
cpu MHz		: 2599.945
cache size	: 3072 KB
physical id	: 0
siblings	: 4
core id		: 0
cpu cores	: 2
apicid		: 0
initial apicid	: 0
fpu		: yes
fpu_exception	: yes
cpuid level	: 13
wp		: yes
flags		: fpu vme de pse tsc msr pae mce cx8 apic sep mtrr pge mca cmov pat pse36 clflush dts acpi mmx fxsr sse sse2 ss ht tm pbe syscall nx pdpe1gb rdtscp lm constant_tsc arch_perfmon pebs bts rep_good nopl xtopology nonstop_tsc cpuid aperfmperf pni pclmulqdq dtes64 monitor ds_cpl vmx smx est tm2 ssse3 sdbg fma cx16 xtpr pdcm pcid sse4_1 sse4_2 x2apic movbe popcnt tsc_deadline_timer aes xsave avx f16c rdrand lahf_lm abm epb tpr_shadow vnmi flexpriority ept vpid fsgsbase tsc_adjust bmi1 avx2 smep bmi2 erms invpcid xsaveopt dtherm ida arat pln pts
bugs		:
bogomips	: 4988.17
clflush size	: 64
cache_alignment	: 64
address sizes	: 39 bits physical, 48 bits virtual
power management:

processor	: 1
vendor_id	: GenuineIntel
cpu family	: 6
model		: 69
model name	: Intel(R) Core(TM) i5-4300U CPU @ 1.90GHz
stepping	: 1
microcode	: 0x20
cpu MHz		: 2599.945
cache size	: 3072 KB
physical id	: 0
siblings	: 4
core id		: 1
cpu cores	: 2
apicid		: 2
initial apicid	: 2
fpu		: yes
fpu_exception	: yes
cpuid level	: 13
wp		: yes
flags		: fpu vme de pse tsc msr pae mce cx8 apic sep mtrr pge mca cmov pat pse36 clflush dts acpi mmx fxsr sse sse2 ss ht tm pbe syscall nx pdpe1gb rdtscp lm constant_tsc arch_perfmon pebs bts rep_good nopl xtopology nonstop_tsc cpuid aperfmperf pni pclmulqdq dtes64 monitor ds_cpl vmx smx est tm2 ssse3 sdbg fma cx16 xtpr pdcm pcid sse4_1 sse4_2 x2apic movbe popcnt tsc_deadline_timer aes xsave avx f16c rdrand lahf_lm abm epb tpr_shadow vnmi flexpriority ept vpid fsgsbase tsc_adjust bmi1 avx2 smep bmi2 erms invpcid xsaveopt dtherm ida arat pln pts
bugs		:
bogomips	: 4993.88
clflush size	: 64
cache_alignment	: 64
address sizes	: 39 bits physical, 48 bits virtual
power management:

processor	: 2
vendor_id	: GenuineIntel
cpu family	: 6
model		: 69
model name	: Intel(R) Core(TM) i5-4300U CPU @ 1.90GHz
stepping	: 1
microcode	: 0x20
cpu MHz		: 2599.945
cache size	: 3072 KB
physical id	: 0
siblings	: 4
core id		: 0
cpu cores	: 2
apicid		: 1
initial apicid	: 1
fpu		: yes
fpu_exception	: yes
cpuid level	: 13
wp		: yes
flags		: fpu vme de pse tsc msr pae mce cx8 apic sep mtrr pge mca cmov pat pse36 clflush dts acpi mmx fxsr sse sse2 ss ht tm pbe syscall nx pdpe1gb rdtscp lm constant_tsc arch_perfmon pebs bts rep_good nopl xtopology nonstop_tsc cpuid aperfmperf pni pclmulqdq dtes64 monitor ds_cpl vmx smx est tm2 ssse3 sdbg fma cx16 xtpr pdcm pcid sse4_1 sse4_2 x2apic movbe popcnt tsc_deadline_timer aes xsave avx f16c rdrand lahf_lm abm epb tpr_shadow vnmi flexpriority ept vpid fsgsbase tsc_adjust bmi1 avx2 smep bmi2 erms invpcid xsaveopt dtherm ida arat pln pts
bugs		:
bogomips	: 4997.60
clflush size	: 64
cache_alignment	: 64
address sizes	: 39 bits physical, 48 bits virtual
power management:

processor	: 3
vendor_id	: GenuineIntel
cpu family	: 6
model		: 69
model name	: Intel(R) Core(TM) i5-4300U CPU @ 1.90GHz
stepping	: 1
microcode	: 0x20
cpu MHz		: 2599.945
cache size	: 3072 KB
physical id	: 0
siblings	: 4
core id		: 1
cpu cores	: 2
apicid		: 3
initial apicid	: 3
fpu		: yes
fpu_exception	: yes
cpuid level	: 13
wp		: yes
flags		: fpu vme de pse tsc msr pae mce cx8 apic sep mtrr pge mca cmov pat pse36 clflush dts acpi mmx fxsr sse sse2 ss ht tm pbe syscall nx pdpe1gb rdtscp lm constant_tsc arch_perfmon pebs bts rep_good nopl xtopology nonstop_tsc cpuid aperfmperf pni pclmulqdq dtes64 monitor ds_cpl vmx smx est tm2 ssse3 sdbg fma cx16 xtpr pdcm pcid sse4_1 sse4_2 x2apic movbe popcnt tsc_deadline_timer aes xsave avx f16c rdrand lahf_lm abm epb tpr_shadow vnmi flexpriority ept vpid fsgsbase tsc_adjust bmi1 avx2 smep bmi2 erms invpcid xsaveopt dtherm ida arat pln pts
bugs		:
bogomips	: 4994.19
clflush size	: 64
cache_alignment	: 64
address sizes	: 39 bits physical, 48 bits virtual
power management:



Memory: 4k page, physical 8077452k(1960844k free), swap 2052092k(2050300k free)

vm_info: OpenJDK 64-Bit Server VM (25.131-b12) for linux-amd64 JRE (1.8.0_131-b12), built on Apr 21 2017 12:26:43 by "mockbuild" with gcc 6.3.1 20161221 (Red Hat 6.3.1-1)

time: Fri Jul  7 13:36:00 2017
elapsed time: 3160 seconds (0d 0h 52m 40s)

